<?xml version="1.0" encoding="UTF-8"?>
<testsuite xmlns:xsi="http://www.w3.org/2001/XMLSchema-instance" xsi:noNamespaceSchemaLocation="https://maven.apache.org/surefire/maven-surefire-plugin/xsd/surefire-test-report-3.0.xsd" version="3.0" name="com.library.AppTest" time="0.025" tests="1" errors="0" skipped="0" failures="0">
  <properties>
    <property name="java.specification.version" value="17"/>
    <property name="sun.cpu.isalist" value="amd64"/>
    <property name="sun.jnu.encoding" value="Cp1252"/>
    <property name="java.class.path" value="E:\Placement\Deepskilling\Module 5 - Spring Core and Maven\Exercise 4 - Creating and Configuring a Maven Project\Code\LibraryManagement\target\test-classes;E:\Placement\Deepskilling\Module 5 - Spring Core and Maven\Exercise 4 - Creating and Configuring a Maven Project\Code\LibraryManagement\target\classes;C:\Users\Mohideen\.m2\repository\junit\junit\3.8.1\junit-3.8.1.jar;C:\Users\Mohideen\.m2\repository\org\springframework\spring-context\7.0.0-M5\spring-context-7.0.0-M5.jar;C:\Users\Mohideen\.m2\repository\org\springframework\spring-beans\7.0.0-M5\spring-beans-7.0.0-M5.jar;C:\Users\Mohideen\.m2\repository\org\springframework\spring-core\7.0.0-M5\spring-core-7.0.0-M5.jar;C:\Users\Mohideen\.m2\repository\commons-logging\commons-logging\1.3.5\commons-logging-1.3.5.jar;C:\Users\Mohideen\.m2\repository\org\jspecify\jspecify\1.0.0\jspecify-1.0.0.jar;C:\Users\Mohideen\.m2\repository\org\springframework\spring-expression\7.0.0-M5\spring-expression-7.0.0-M5.jar;C:\Users\Mohideen\.m2\repository\io\micrometer\micrometer-observation\1.15.0\micrometer-observation-1.15.0.jar;C:\Users\Mohideen\.m2\repository\io\micrometer\micrometer-commons\1.15.0\micrometer-commons-1.15.0.jar;C:\Users\Mohideen\.m2\repository\org\springframework\spring-aop\7.0.0-M5\spring-aop-7.0.0-M5.jar;C:\Users\Mohideen\.m2\repository\org\springframework\spring-webmvc\7.0.0-M5\spring-webmvc-7.0.0-M5.jar;C:\Users\Mohideen\.m2\repository\org\springframework\spring-web\7.0.0-M5\spring-web-7.0.0-M5.jar;"/>
    <property name="java.vm.vendor" value="Eclipse Adoptium"/>
    <property name="sun.arch.data.model" value="64"/>
    <property name="user.variant" value=""/>
    <property name="java.vendor.url" value="https://adoptium.net/"/>
    <property name="user.timezone" value="Asia/Calcutta"/>
    <property name="os.name" value="Windows 11"/>
    <property name="java.vm.specification.version" value="17"/>
    <property name="sun.java.launcher" value="SUN_STANDARD"/>
    <property name="user.country" value="IN"/>
    <property name="sun.boot.library.path" value="C:\Program Files\Eclipse Adoptium\jdk-17.0.15.6-hotspot\bin"/>
    <property name="sun.java.command" value="C:\Users\Mohideen\AppData\Local\Temp\surefire12416209708097829852\surefirebooter-20250713150018403_3.jar C:\Users\Mohideen\AppData\Local\Temp\surefire12416209708097829852 2025-07-13T15-00-17_924-jvmRun1 surefire-20250713150018403_1tmp surefire_0-20250713150018403_2tmp"/>
    <property name="jdk.debug" value="release"/>
    <property name="surefire.test.class.path" value="E:\Placement\Deepskilling\Module 5 - Spring Core and Maven\Exercise 4 - Creating and Configuring a Maven Project\Code\LibraryManagement\target\test-classes;E:\Placement\Deepskilling\Module 5 - Spring Core and Maven\Exercise 4 - Creating and Configuring a Maven Project\Code\LibraryManagement\target\classes;C:\Users\Mohideen\.m2\repository\junit\junit\3.8.1\junit-3.8.1.jar;C:\Users\Mohideen\.m2\repository\org\springframework\spring-context\7.0.0-M5\spring-context-7.0.0-M5.jar;C:\Users\Mohideen\.m2\repository\org\springframework\spring-beans\7.0.0-M5\spring-beans-7.0.0-M5.jar;C:\Users\Mohideen\.m2\repository\org\springframework\spring-core\7.0.0-M5\spring-core-7.0.0-M5.jar;C:\Users\Mohideen\.m2\repository\commons-logging\commons-logging\1.3.5\commons-logging-1.3.5.jar;C:\Users\Mohideen\.m2\repository\org\jspecify\jspecify\1.0.0\jspecify-1.0.0.jar;C:\Users\Mohideen\.m2\repository\org\springframework\spring-expression\7.0.0-M5\spring-expression-7.0.0-M5.jar;C:\Users\Mohideen\.m2\repository\io\micrometer\micrometer-observation\1.15.0\micrometer-observation-1.15.0.jar;C:\Users\Mohideen\.m2\repository\io\micrometer\micrometer-commons\1.15.0\micrometer-commons-1.15.0.jar;C:\Users\Mohideen\.m2\repository\org\springframework\spring-aop\7.0.0-M5\spring-aop-7.0.0-M5.jar;C:\Users\Mohideen\.m2\repository\org\springframework\spring-webmvc\7.0.0-M5\spring-webmvc-7.0.0-M5.jar;C:\Users\Mohideen\.m2\repository\org\springframework\spring-web\7.0.0-M5\spring-web-7.0.0-M5.jar;"/>
    <property name="sun.cpu.endian" value="little"/>
    <property name="user.home" value="C:\Users\Mohideen"/>
    <property name="user.language" value="en"/>
    <property name="java.specification.vendor" value="Oracle Corporation"/>
    <property name="java.version.date" value="2025-04-15"/>
    <property name="java.home" value="C:\Program Files\Eclipse Adoptium\jdk-17.0.15.6-hotspot"/>
    <property name="file.separator" value="\"/>
    <property name="basedir" value="E:\Placement\Deepskilling\Module 5 - Spring Core and Maven\Exercise 4 - Creating and Configuring a Maven Project\Code\LibraryManagement"/>
    <property name="java.vm.compressedOopsMode" value="Zero based"/>
    <property name="line.separator" value="&#10;"/>
    <property name="java.vm.specification.vendor" value="Oracle Corporation"/>
    <property name="java.specification.name" value="Java Platform API Specification"/>
    <property name="surefire.real.class.path" value="C:\Users\Mohideen\AppData\Local\Temp\surefire12416209708097829852\surefirebooter-20250713150018403_3.jar"/>
    <property name="user.script" value=""/>
    <property name="sun.management.compiler" value="HotSpot 64-Bit Tiered Compilers"/>
    <property name="java.runtime.version" value="17.0.15+6"/>
    <property name="user.name" value="Mohideen"/>
    <property name="path.separator" value=";"/>
    <property name="os.version" value="10.0"/>
    <property name="java.runtime.name" value="OpenJDK Runtime Environment"/>
    <property name="file.encoding" value="Cp1252"/>
    <property name="java.vm.name" value="OpenJDK 64-Bit Server VM"/>
    <property name="java.vendor.version" value="Temurin-17.0.15+6"/>
    <property name="localRepository" value="C:\Users\Mohideen\.m2\repository"/>
    <property name="java.vendor.url.bug" value="https://github.com/adoptium/adoptium-support/issues"/>
    <property name="java.io.tmpdir" value="C:\Users\Mohideen\AppData\Local\Temp\"/>
    <property name="java.version" value="17.0.15"/>
    <property name="user.dir" value="E:\Placement\Deepskilling\Module 5 - Spring Core and Maven\Exercise 4 - Creating and Configuring a Maven Project\Code\LibraryManagement"/>
    <property name="os.arch" value="amd64"/>
    <property name="java.vm.specification.name" value="Java Virtual Machine Specification"/>
    <property name="sun.os.patch.level" value=""/>
    <property name="native.encoding" value="Cp1252"/>
    <property name="java.library.path" value="C:\Program Files\Eclipse Adoptium\jdk-17.0.15.6-hotspot\bin;C:\WINDOWS\Sun\Java\bin;C:\WINDOWS\system32;C:\WINDOWS;C:\Program Files\Eclipse Adoptium\jdk-17.0.15.6-hotspot\bin;C:\Program Files\Common Files\Oracle\Java\javapath;C:\WINDOWS\system32;C:\WINDOWS;C:\WINDOWS\System32\Wbem;C:\WINDOWS\System32\WindowsPowerShell\v1.0\;C:\WINDOWS\System32\OpenSSH\;C:\Program Files\NVIDIA Corporation\NVIDIA app\NvDLISR;C:\Program Files (x86)\NVIDIA Corporation\PhysX\Common;C:\Program Files\apache-maven-3.9.10\bin;C:\Users\Mohideen\AppData\Local\Microsoft\WindowsApps;;."/>
    <property name="java.vm.info" value="mixed mode, sharing"/>
    <property name="java.vendor" value="Eclipse Adoptium"/>
    <property name="java.vm.version" value="17.0.15+6"/>
    <property name="java.specification.maintenance.version" value="1"/>
    <property name="sun.io.unicode.encoding" value="UnicodeLittle"/>
    <property name="java.class.version" value="61.0"/>
  </properties>
  <testcase name="testApp" classname="com.library.AppTest" time="0.0"/>
</testsuite>